<?xml version="1.0" encoding="UTF-8"?>
<testsuite xmlns:xsi="http://www.w3.org/2001/XMLSchema-instance" xsi:noNamespaceSchemaLocation="https://maven.apache.org/surefire/maven-surefire-plugin/xsd/surefire-test-report-3.0.xsd" version="3.0" name="com.tasks.taskmangement.TaskmangementApplicationTests" time="19.652" tests="1" errors="0" skipped="0" failures="0">
  <properties>
    <property name="java.specification.version" value="17"/>
    <property name="sun.cpu.isalist" value="amd64"/>
    <property name="sun.jnu.encoding" value="Cp1252"/>
    <property name="java.class.path" value="C:\Users\user\Desktop\Tasks-management\backend\target\test-classes;C:\Users\user\Desktop\Tasks-management\backend\target\classes;C:\Users\user\.m2\repository\org\projectlombok\lombok\1.18.28\lombok-1.18.28.jar;C:\Users\user\.m2\repository\org\springframework\boot\spring-boot-starter-actuator\3.2.8\spring-boot-starter-actuator-3.2.8.jar;C:\Users\user\.m2\repository\org\springframework\boot\spring-boot-starter\3.2.8\spring-boot-starter-3.2.8.jar;C:\Users\user\.m2\repository\org\springframework\boot\spring-boot-starter-logging\3.2.8\spring-boot-starter-logging-3.2.8.jar;C:\Users\user\.m2\repository\ch\qos\logback\logback-classic\1.4.14\logback-classic-1.4.14.jar;C:\Users\user\.m2\repository\ch\qos\logback\logback-core\1.4.14\logback-core-1.4.14.jar;C:\Users\user\.m2\repository\org\apache\logging\log4j\log4j-to-slf4j\2.21.1\log4j-to-slf4j-2.21.1.jar;C:\Users\user\.m2\repository\org\apache\logging\log4j\log4j-api\2.21.1\log4j-api-2.21.1.jar;C:\Users\user\.m2\repository\org\slf4j\jul-to-slf4j\2.0.13\jul-to-slf4j-2.0.13.jar;C:\Users\user\.m2\repository\jakarta\annotation\jakarta.annotation-api\2.1.1\jakarta.annotation-api-2.1.1.jar;C:\Users\user\.m2\repository\org\yaml\snakeyaml\2.2\snakeyaml-2.2.jar;C:\Users\user\.m2\repository\org\springframework\boot\spring-boot-actuator-autoconfigure\3.2.8\spring-boot-actuator-autoconfigure-3.2.8.jar;C:\Users\user\.m2\repository\org\springframework\boot\spring-boot-actuator\3.2.8\spring-boot-actuator-3.2.8.jar;C:\Users\user\.m2\repository\com\fasterxml\jackson\datatype\jackson-datatype-jsr310\2.15.4\jackson-datatype-jsr310-2.15.4.jar;C:\Users\user\.m2\repository\io\micrometer\micrometer-observation\1.12.8\micrometer-observation-1.12.8.jar;C:\Users\user\.m2\repository\io\micrometer\micrometer-commons\1.12.8\micrometer-commons-1.12.8.jar;C:\Users\user\.m2\repository\io\micrometer\micrometer-jakarta9\1.12.8\micrometer-jakarta9-1.12.8.jar;C:\Users\user\.m2\repository\io\micrometer\micrometer-core\1.12.8\micrometer-core-1.12.8.jar;C:\Users\user\.m2\repository\org\hdrhistogram\HdrHistogram\2.1.12\HdrHistogram-2.1.12.jar;C:\Users\user\.m2\repository\org\latencyutils\LatencyUtils\2.0.3\LatencyUtils-2.0.3.jar;C:\Users\user\.m2\repository\org\springframework\boot\spring-boot-starter-data-jpa\3.2.8\spring-boot-starter-data-jpa-3.2.8.jar;C:\Users\user\.m2\repository\org\springframework\boot\spring-boot-starter-aop\3.2.8\spring-boot-starter-aop-3.2.8.jar;C:\Users\user\.m2\repository\org\aspectj\aspectjweaver\1.9.22.1\aspectjweaver-1.9.22.1.jar;C:\Users\user\.m2\repository\org\springframework\boot\spring-boot-starter-jdbc\3.2.8\spring-boot-starter-jdbc-3.2.8.jar;C:\Users\user\.m2\repository\com\zaxxer\HikariCP\5.0.1\HikariCP-5.0.1.jar;C:\Users\user\.m2\repository\org\springframework\spring-jdbc\6.1.11\spring-jdbc-6.1.11.jar;C:\Users\user\.m2\repository\org\hibernate\orm\hibernate-core\6.4.9.Final\hibernate-core-6.4.9.Final.jar;C:\Users\user\.m2\repository\jakarta\persistence\jakarta.persistence-api\3.1.0\jakarta.persistence-api-3.1.0.jar;C:\Users\user\.m2\repository\jakarta\transaction\jakarta.transaction-api\2.0.1\jakarta.transaction-api-2.0.1.jar;C:\Users\user\.m2\repository\org\jboss\logging\jboss-logging\3.5.3.Final\jboss-logging-3.5.3.Final.jar;C:\Users\user\.m2\repository\org\hibernate\common\hibernate-commons-annotations\6.0.6.Final\hibernate-commons-annotations-6.0.6.Final.jar;C:\Users\user\.m2\repository\io\smallrye\jandex\3.1.2\jandex-3.1.2.jar;C:\Users\user\.m2\repository\com\fasterxml\classmate\1.6.0\classmate-1.6.0.jar;C:\Users\user\.m2\repository\net\bytebuddy\byte-buddy\1.14.18\byte-buddy-1.14.18.jar;C:\Users\user\.m2\repository\org\glassfish\jaxb\jaxb-runtime\4.0.5\jaxb-runtime-4.0.5.jar;C:\Users\user\.m2\repository\org\glassfish\jaxb\jaxb-core\4.0.5\jaxb-core-4.0.5.jar;C:\Users\user\.m2\repository\org\eclipse\angus\angus-activation\2.0.2\angus-activation-2.0.2.jar;C:\Users\user\.m2\repository\org\glassfish\jaxb\txw2\4.0.5\txw2-4.0.5.jar;C:\Users\user\.m2\repository\com\sun\istack\istack-commons-runtime\4.1.2\istack-commons-runtime-4.1.2.jar;C:\Users\user\.m2\repository\jakarta\inject\jakarta.inject-api\2.0.1\jakarta.inject-api-2.0.1.jar;C:\Users\user\.m2\repository\org\antlr\antlr4-runtime\4.13.0\antlr4-runtime-4.13.0.jar;C:\Users\user\.m2\repository\org\springframework\data\spring-data-jpa\3.2.8\spring-data-jpa-3.2.8.jar;C:\Users\user\.m2\repository\org\springframework\data\spring-data-commons\3.2.8\spring-data-commons-3.2.8.jar;C:\Users\user\.m2\repository\org\springframework\spring-orm\6.1.11\spring-orm-6.1.11.jar;C:\Users\user\.m2\repository\org\springframework\spring-context\6.1.11\spring-context-6.1.11.jar;C:\Users\user\.m2\repository\org\springframework\spring-tx\6.1.11\spring-tx-6.1.11.jar;C:\Users\user\.m2\repository\org\springframework\spring-beans\6.1.11\spring-beans-6.1.11.jar;C:\Users\user\.m2\repository\org\springframework\spring-aspects\6.1.11\spring-aspects-6.1.11.jar;C:\Users\user\.m2\repository\org\springframework\boot\spring-boot-starter-web\3.2.8\spring-boot-starter-web-3.2.8.jar;C:\Users\user\.m2\repository\org\springframework\boot\spring-boot-starter-json\3.2.8\spring-boot-starter-json-3.2.8.jar;C:\Users\user\.m2\repository\com\fasterxml\jackson\datatype\jackson-datatype-jdk8\2.15.4\jackson-datatype-jdk8-2.15.4.jar;C:\Users\user\.m2\repository\com\fasterxml\jackson\module\jackson-module-parameter-names\2.15.4\jackson-module-parameter-names-2.15.4.jar;C:\Users\user\.m2\repository\org\springframework\boot\spring-boot-starter-tomcat\3.2.8\spring-boot-starter-tomcat-3.2.8.jar;C:\Users\user\.m2\repository\org\apache\tomcat\embed\tomcat-embed-core\10.1.26\tomcat-embed-core-10.1.26.jar;C:\Users\user\.m2\repository\org\apache\tomcat\embed\tomcat-embed-el\10.1.26\tomcat-embed-el-10.1.26.jar;C:\Users\user\.m2\repository\org\apache\tomcat\embed\tomcat-embed-websocket\10.1.26\tomcat-embed-websocket-10.1.26.jar;C:\Users\user\.m2\repository\org\springframework\spring-web\6.1.11\spring-web-6.1.11.jar;C:\Users\user\.m2\repository\org\springframework\spring-webmvc\6.1.11\spring-webmvc-6.1.11.jar;C:\Users\user\.m2\repository\org\springframework\spring-expression\6.1.11\spring-expression-6.1.11.jar;C:\Users\user\.m2\repository\org\apache\httpcomponents\client5\httpclient5\5.2.3\httpclient5-5.2.3.jar;C:\Users\user\.m2\repository\org\apache\httpcomponents\core5\httpcore5\5.2.5\httpcore5-5.2.5.jar;C:\Users\user\.m2\repository\org\apache\httpcomponents\core5\httpcore5-h2\5.2.5\httpcore5-h2-5.2.5.jar;C:\Users\user\.m2\repository\org\slf4j\slf4j-api\2.0.13\slf4j-api-2.0.13.jar;C:\Users\user\.m2\repository\org\springframework\boot\spring-boot-devtools\3.2.8\spring-boot-devtools-3.2.8.jar;C:\Users\user\.m2\repository\org\springframework\boot\spring-boot\3.2.8\spring-boot-3.2.8.jar;C:\Users\user\.m2\repository\org\springframework\boot\spring-boot-autoconfigure\3.2.8\spring-boot-autoconfigure-3.2.8.jar;C:\Users\user\.m2\repository\com\mysql\mysql-connector-j\8.3.0\mysql-connector-j-8.3.0.jar;C:\Users\user\.m2\repository\org\springframework\boot\spring-boot-starter-test\3.2.8\spring-boot-starter-test-3.2.8.jar;C:\Users\user\.m2\repository\org\springframework\boot\spring-boot-test\3.2.8\spring-boot-test-3.2.8.jar;C:\Users\user\.m2\repository\org\springframework\boot\spring-boot-test-autoconfigure\3.2.8\spring-boot-test-autoconfigure-3.2.8.jar;C:\Users\user\.m2\repository\com\jayway\jsonpath\json-path\2.9.0\json-path-2.9.0.jar;C:\Users\user\.m2\repository\jakarta\xml\bind\jakarta.xml.bind-api\4.0.2\jakarta.xml.bind-api-4.0.2.jar;C:\Users\user\.m2\repository\jakarta\activation\jakarta.activation-api\2.1.3\jakarta.activation-api-2.1.3.jar;C:\Users\user\.m2\repository\net\minidev\json-smart\2.5.1\json-smart-2.5.1.jar;C:\Users\user\.m2\repository\net\minidev\accessors-smart\2.5.1\accessors-smart-2.5.1.jar;C:\Users\user\.m2\repository\org\ow2\asm\asm\9.6\asm-9.6.jar;C:\Users\user\.m2\repository\org\assertj\assertj-core\3.24.2\assertj-core-3.24.2.jar;C:\Users\user\.m2\repository\org\awaitility\awaitility\4.2.1\awaitility-4.2.1.jar;C:\Users\user\.m2\repository\org\hamcrest\hamcrest\2.2\hamcrest-2.2.jar;C:\Users\user\.m2\repository\org\junit\jupiter\junit-jupiter\5.10.3\junit-jupiter-5.10.3.jar;C:\Users\user\.m2\repository\org\junit\jupiter\junit-jupiter-api\5.10.3\junit-jupiter-api-5.10.3.jar;C:\Users\user\.m2\repository\org\opentest4j\opentest4j\1.3.0\opentest4j-1.3.0.jar;C:\Users\user\.m2\repository\org\junit\platform\junit-platform-commons\1.10.3\junit-platform-commons-1.10.3.jar;C:\Users\user\.m2\repository\org\apiguardian\apiguardian-api\1.1.2\apiguardian-api-1.1.2.jar;C:\Users\user\.m2\repository\org\junit\jupiter\junit-jupiter-params\5.10.3\junit-jupiter-params-5.10.3.jar;C:\Users\user\.m2\repository\org\junit\jupiter\junit-jupiter-engine\5.10.3\junit-jupiter-engine-5.10.3.jar;C:\Users\user\.m2\repository\org\junit\platform\junit-platform-engine\1.10.3\junit-platform-engine-1.10.3.jar;C:\Users\user\.m2\repository\org\mockito\mockito-core\5.7.0\mockito-core-5.7.0.jar;C:\Users\user\.m2\repository\net\bytebuddy\byte-buddy-agent\1.14.18\byte-buddy-agent-1.14.18.jar;C:\Users\user\.m2\repository\org\objenesis\objenesis\3.3\objenesis-3.3.jar;C:\Users\user\.m2\repository\org\mockito\mockito-junit-jupiter\5.7.0\mockito-junit-jupiter-5.7.0.jar;C:\Users\user\.m2\repository\org\skyscreamer\jsonassert\1.5.3\jsonassert-1.5.3.jar;C:\Users\user\.m2\repository\com\vaadin\external\google\android-json\0.0.20131108.vaadin1\android-json-0.0.20131108.vaadin1.jar;C:\Users\user\.m2\repository\org\springframework\spring-core\6.1.11\spring-core-6.1.11.jar;C:\Users\user\.m2\repository\org\springframework\spring-jcl\6.1.11\spring-jcl-6.1.11.jar;C:\Users\user\.m2\repository\org\springframework\spring-test\6.1.11\spring-test-6.1.11.jar;C:\Users\user\.m2\repository\org\xmlunit\xmlunit-core\2.9.1\xmlunit-core-2.9.1.jar;C:\Users\user\.m2\repository\org\springframework\boot\spring-boot-starter-security\3.2.8\spring-boot-starter-security-3.2.8.jar;C:\Users\user\.m2\repository\org\springframework\spring-aop\6.1.11\spring-aop-6.1.11.jar;C:\Users\user\.m2\repository\org\springframework\security\spring-security-config\6.2.5\spring-security-config-6.2.5.jar;C:\Users\user\.m2\repository\org\springframework\security\spring-security-core\6.2.5\spring-security-core-6.2.5.jar;C:\Users\user\.m2\repository\org\springframework\security\spring-security-crypto\6.2.5\spring-security-crypto-6.2.5.jar;C:\Users\user\.m2\repository\org\springframework\security\spring-security-web\6.2.5\spring-security-web-6.2.5.jar;C:\Users\user\.m2\repository\io\jsonwebtoken\jjwt-api\0.11.5\jjwt-api-0.11.5.jar;C:\Users\user\.m2\repository\io\jsonwebtoken\jjwt-impl\0.11.5\jjwt-impl-0.11.5.jar;C:\Users\user\.m2\repository\io\jsonwebtoken\jjwt-jackson\0.11.5\jjwt-jackson-0.11.5.jar;C:\Users\user\.m2\repository\com\fasterxml\jackson\core\jackson-databind\2.15.4\jackson-databind-2.15.4.jar;C:\Users\user\.m2\repository\com\fasterxml\jackson\core\jackson-annotations\2.15.4\jackson-annotations-2.15.4.jar;C:\Users\user\.m2\repository\com\fasterxml\jackson\core\jackson-core\2.15.4\jackson-core-2.15.4.jar;C:\Users\user\.m2\repository\jakarta\servlet\jakarta.servlet-api\5.0.0\jakarta.servlet-api-5.0.0.jar;"/>
    <property name="java.vm.vendor" value="Oracle Corporation"/>
    <property name="sun.arch.data.model" value="64"/>
    <property name="user.variant" value=""/>
    <property name="java.vendor.url" value="https://java.oracle.com/"/>
    <property name="user.timezone" value="Africa/Casablanca"/>
    <property name="org.jboss.logging.provider" value="slf4j"/>
    <property name="os.name" value="Windows 11"/>
    <property name="java.vm.specification.version" value="17"/>
    <property name="sun.java.launcher" value="SUN_STANDARD"/>
    <property name="user.country" value="US"/>
    <property name="sun.boot.library.path" value="C:\dev\jdk-17\bin"/>
    <property name="sun.java.command" value="C:\Users\user\AppData\Local\Temp\surefire14413913960185095887\surefirebooter-20250621200439220_3.jar C:\Users\user\AppData\Local\Temp\surefire14413913960185095887 2025-06-21T20-04-38_447-jvmRun1 surefire-20250621200439220_1tmp surefire_0-20250621200439220_2tmp"/>
    <property name="jdk.debug" value="release"/>
    <property name="surefire.test.class.path" value="C:\Users\user\Desktop\Tasks-management\backend\target\test-classes;C:\Users\user\Desktop\Tasks-management\backend\target\classes;C:\Users\user\.m2\repository\org\projectlombok\lombok\1.18.28\lombok-1.18.28.jar;C:\Users\user\.m2\repository\org\springframework\boot\spring-boot-starter-actuator\3.2.8\spring-boot-starter-actuator-3.2.8.jar;C:\Users\user\.m2\repository\org\springframework\boot\spring-boot-starter\3.2.8\spring-boot-starter-3.2.8.jar;C:\Users\user\.m2\repository\org\springframework\boot\spring-boot-starter-logging\3.2.8\spring-boot-starter-logging-3.2.8.jar;C:\Users\user\.m2\repository\ch\qos\logback\logback-classic\1.4.14\logback-classic-1.4.14.jar;C:\Users\user\.m2\repository\ch\qos\logback\logback-core\1.4.14\logback-core-1.4.14.jar;C:\Users\user\.m2\repository\org\apache\logging\log4j\log4j-to-slf4j\2.21.1\log4j-to-slf4j-2.21.1.jar;C:\Users\user\.m2\repository\org\apache\logging\log4j\log4j-api\2.21.1\log4j-api-2.21.1.jar;C:\Users\user\.m2\repository\org\slf4j\jul-to-slf4j\2.0.13\jul-to-slf4j-2.0.13.jar;C:\Users\user\.m2\repository\jakarta\annotation\jakarta.annotation-api\2.1.1\jakarta.annotation-api-2.1.1.jar;C:\Users\user\.m2\repository\org\yaml\snakeyaml\2.2\snakeyaml-2.2.jar;C:\Users\user\.m2\repository\org\springframework\boot\spring-boot-actuator-autoconfigure\3.2.8\spring-boot-actuator-autoconfigure-3.2.8.jar;C:\Users\user\.m2\repository\org\springframework\boot\spring-boot-actuator\3.2.8\spring-boot-actuator-3.2.8.jar;C:\Users\user\.m2\repository\com\fasterxml\jackson\datatype\jackson-datatype-jsr310\2.15.4\jackson-datatype-jsr310-2.15.4.jar;C:\Users\user\.m2\repository\io\micrometer\micrometer-observation\1.12.8\micrometer-observation-1.12.8.jar;C:\Users\user\.m2\repository\io\micrometer\micrometer-commons\1.12.8\micrometer-commons-1.12.8.jar;C:\Users\user\.m2\repository\io\micrometer\micrometer-jakarta9\1.12.8\micrometer-jakarta9-1.12.8.jar;C:\Users\user\.m2\repository\io\micrometer\micrometer-core\1.12.8\micrometer-core-1.12.8.jar;C:\Users\user\.m2\repository\org\hdrhistogram\HdrHistogram\2.1.12\HdrHistogram-2.1.12.jar;C:\Users\user\.m2\repository\org\latencyutils\LatencyUtils\2.0.3\LatencyUtils-2.0.3.jar;C:\Users\user\.m2\repository\org\springframework\boot\spring-boot-starter-data-jpa\3.2.8\spring-boot-starter-data-jpa-3.2.8.jar;C:\Users\user\.m2\repository\org\springframework\boot\spring-boot-starter-aop\3.2.8\spring-boot-starter-aop-3.2.8.jar;C:\Users\user\.m2\repository\org\aspectj\aspectjweaver\1.9.22.1\aspectjweaver-1.9.22.1.jar;C:\Users\user\.m2\repository\org\springframework\boot\spring-boot-starter-jdbc\3.2.8\spring-boot-starter-jdbc-3.2.8.jar;C:\Users\user\.m2\repository\com\zaxxer\HikariCP\5.0.1\HikariCP-5.0.1.jar;C:\Users\user\.m2\repository\org\springframework\spring-jdbc\6.1.11\spring-jdbc-6.1.11.jar;C:\Users\user\.m2\repository\org\hibernate\orm\hibernate-core\6.4.9.Final\hibernate-core-6.4.9.Final.jar;C:\Users\user\.m2\repository\jakarta\persistence\jakarta.persistence-api\3.1.0\jakarta.persistence-api-3.1.0.jar;C:\Users\user\.m2\repository\jakarta\transaction\jakarta.transaction-api\2.0.1\jakarta.transaction-api-2.0.1.jar;C:\Users\user\.m2\repository\org\jboss\logging\jboss-logging\3.5.3.Final\jboss-logging-3.5.3.Final.jar;C:\Users\user\.m2\repository\org\hibernate\common\hibernate-commons-annotations\6.0.6.Final\hibernate-commons-annotations-6.0.6.Final.jar;C:\Users\user\.m2\repository\io\smallrye\jandex\3.1.2\jandex-3.1.2.jar;C:\Users\user\.m2\repository\com\fasterxml\classmate\1.6.0\classmate-1.6.0.jar;C:\Users\user\.m2\repository\net\bytebuddy\byte-buddy\1.14.18\byte-buddy-1.14.18.jar;C:\Users\user\.m2\repository\org\glassfish\jaxb\jaxb-runtime\4.0.5\jaxb-runtime-4.0.5.jar;C:\Users\user\.m2\repository\org\glassfish\jaxb\jaxb-core\4.0.5\jaxb-core-4.0.5.jar;C:\Users\user\.m2\repository\org\eclipse\angus\angus-activation\2.0.2\angus-activation-2.0.2.jar;C:\Users\user\.m2\repository\org\glassfish\jaxb\txw2\4.0.5\txw2-4.0.5.jar;C:\Users\user\.m2\repository\com\sun\istack\istack-commons-runtime\4.1.2\istack-commons-runtime-4.1.2.jar;C:\Users\user\.m2\repository\jakarta\inject\jakarta.inject-api\2.0.1\jakarta.inject-api-2.0.1.jar;C:\Users\user\.m2\repository\org\antlr\antlr4-runtime\4.13.0\antlr4-runtime-4.13.0.jar;C:\Users\user\.m2\repository\org\springframework\data\spring-data-jpa\3.2.8\spring-data-jpa-3.2.8.jar;C:\Users\user\.m2\repository\org\springframework\data\spring-data-commons\3.2.8\spring-data-commons-3.2.8.jar;C:\Users\user\.m2\repository\org\springframework\spring-orm\6.1.11\spring-orm-6.1.11.jar;C:\Users\user\.m2\repository\org\springframework\spring-context\6.1.11\spring-context-6.1.11.jar;C:\Users\user\.m2\repository\org\springframework\spring-tx\6.1.11\spring-tx-6.1.11.jar;C:\Users\user\.m2\repository\org\springframework\spring-beans\6.1.11\spring-beans-6.1.11.jar;C:\Users\user\.m2\repository\org\springframework\spring-aspects\6.1.11\spring-aspects-6.1.11.jar;C:\Users\user\.m2\repository\org\springframework\boot\spring-boot-starter-web\3.2.8\spring-boot-starter-web-3.2.8.jar;C:\Users\user\.m2\repository\org\springframework\boot\spring-boot-starter-json\3.2.8\spring-boot-starter-json-3.2.8.jar;C:\Users\user\.m2\repository\com\fasterxml\jackson\datatype\jackson-datatype-jdk8\2.15.4\jackson-datatype-jdk8-2.15.4.jar;C:\Users\user\.m2\repository\com\fasterxml\jackson\module\jackson-module-parameter-names\2.15.4\jackson-module-parameter-names-2.15.4.jar;C:\Users\user\.m2\repository\org\springframework\boot\spring-boot-starter-tomcat\3.2.8\spring-boot-starter-tomcat-3.2.8.jar;C:\Users\user\.m2\repository\org\apache\tomcat\embed\tomcat-embed-core\10.1.26\tomcat-embed-core-10.1.26.jar;C:\Users\user\.m2\repository\org\apache\tomcat\embed\tomcat-embed-el\10.1.26\tomcat-embed-el-10.1.26.jar;C:\Users\user\.m2\repository\org\apache\tomcat\embed\tomcat-embed-websocket\10.1.26\tomcat-embed-websocket-10.1.26.jar;C:\Users\user\.m2\repository\org\springframework\spring-web\6.1.11\spring-web-6.1.11.jar;C:\Users\user\.m2\repository\org\springframework\spring-webmvc\6.1.11\spring-webmvc-6.1.11.jar;C:\Users\user\.m2\repository\org\springframework\spring-expression\6.1.11\spring-expression-6.1.11.jar;C:\Users\user\.m2\repository\org\apache\httpcomponents\client5\httpclient5\5.2.3\httpclient5-5.2.3.jar;C:\Users\user\.m2\repository\org\apache\httpcomponents\core5\httpcore5\5.2.5\httpcore5-5.2.5.jar;C:\Users\user\.m2\repository\org\apache\httpcomponents\core5\httpcore5-h2\5.2.5\httpcore5-h2-5.2.5.jar;C:\Users\user\.m2\repository\org\slf4j\slf4j-api\2.0.13\slf4j-api-2.0.13.jar;C:\Users\user\.m2\repository\org\springframework\boot\spring-boot-devtools\3.2.8\spring-boot-devtools-3.2.8.jar;C:\Users\user\.m2\repository\org\springframework\boot\spring-boot\3.2.8\spring-boot-3.2.8.jar;C:\Users\user\.m2\repository\org\springframework\boot\spring-boot-autoconfigure\3.2.8\spring-boot-autoconfigure-3.2.8.jar;C:\Users\user\.m2\repository\com\mysql\mysql-connector-j\8.3.0\mysql-connector-j-8.3.0.jar;C:\Users\user\.m2\repository\org\springframework\boot\spring-boot-starter-test\3.2.8\spring-boot-starter-test-3.2.8.jar;C:\Users\user\.m2\repository\org\springframework\boot\spring-boot-test\3.2.8\spring-boot-test-3.2.8.jar;C:\Users\user\.m2\repository\org\springframework\boot\spring-boot-test-autoconfigure\3.2.8\spring-boot-test-autoconfigure-3.2.8.jar;C:\Users\user\.m2\repository\com\jayway\jsonpath\json-path\2.9.0\json-path-2.9.0.jar;C:\Users\user\.m2\repository\jakarta\xml\bind\jakarta.xml.bind-api\4.0.2\jakarta.xml.bind-api-4.0.2.jar;C:\Users\user\.m2\repository\jakarta\activation\jakarta.activation-api\2.1.3\jakarta.activation-api-2.1.3.jar;C:\Users\user\.m2\repository\net\minidev\json-smart\2.5.1\json-smart-2.5.1.jar;C:\Users\user\.m2\repository\net\minidev\accessors-smart\2.5.1\accessors-smart-2.5.1.jar;C:\Users\user\.m2\repository\org\ow2\asm\asm\9.6\asm-9.6.jar;C:\Users\user\.m2\repository\org\assertj\assertj-core\3.24.2\assertj-core-3.24.2.jar;C:\Users\user\.m2\repository\org\awaitility\awaitility\4.2.1\awaitility-4.2.1.jar;C:\Users\user\.m2\repository\org\hamcrest\hamcrest\2.2\hamcrest-2.2.jar;C:\Users\user\.m2\repository\org\junit\jupiter\junit-jupiter\5.10.3\junit-jupiter-5.10.3.jar;C:\Users\user\.m2\repository\org\junit\jupiter\junit-jupiter-api\5.10.3\junit-jupiter-api-5.10.3.jar;C:\Users\user\.m2\repository\org\opentest4j\opentest4j\1.3.0\opentest4j-1.3.0.jar;C:\Users\user\.m2\repository\org\junit\platform\junit-platform-commons\1.10.3\junit-platform-commons-1.10.3.jar;C:\Users\user\.m2\repository\org\apiguardian\apiguardian-api\1.1.2\apiguardian-api-1.1.2.jar;C:\Users\user\.m2\repository\org\junit\jupiter\junit-jupiter-params\5.10.3\junit-jupiter-params-5.10.3.jar;C:\Users\user\.m2\repository\org\junit\jupiter\junit-jupiter-engine\5.10.3\junit-jupiter-engine-5.10.3.jar;C:\Users\user\.m2\repository\org\junit\platform\junit-platform-engine\1.10.3\junit-platform-engine-1.10.3.jar;C:\Users\user\.m2\repository\org\mockito\mockito-core\5.7.0\mockito-core-5.7.0.jar;C:\Users\user\.m2\repository\net\bytebuddy\byte-buddy-agent\1.14.18\byte-buddy-agent-1.14.18.jar;C:\Users\user\.m2\repository\org\objenesis\objenesis\3.3\objenesis-3.3.jar;C:\Users\user\.m2\repository\org\mockito\mockito-junit-jupiter\5.7.0\mockito-junit-jupiter-5.7.0.jar;C:\Users\user\.m2\repository\org\skyscreamer\jsonassert\1.5.3\jsonassert-1.5.3.jar;C:\Users\user\.m2\repository\com\vaadin\external\google\android-json\0.0.20131108.vaadin1\android-json-0.0.20131108.vaadin1.jar;C:\Users\user\.m2\repository\org\springframework\spring-core\6.1.11\spring-core-6.1.11.jar;C:\Users\user\.m2\repository\org\springframework\spring-jcl\6.1.11\spring-jcl-6.1.11.jar;C:\Users\user\.m2\repository\org\springframework\spring-test\6.1.11\spring-test-6.1.11.jar;C:\Users\user\.m2\repository\org\xmlunit\xmlunit-core\2.9.1\xmlunit-core-2.9.1.jar;C:\Users\user\.m2\repository\org\springframework\boot\spring-boot-starter-security\3.2.8\spring-boot-starter-security-3.2.8.jar;C:\Users\user\.m2\repository\org\springframework\spring-aop\6.1.11\spring-aop-6.1.11.jar;C:\Users\user\.m2\repository\org\springframework\security\spring-security-config\6.2.5\spring-security-config-6.2.5.jar;C:\Users\user\.m2\repository\org\springframework\security\spring-security-core\6.2.5\spring-security-core-6.2.5.jar;C:\Users\user\.m2\repository\org\springframework\security\spring-security-crypto\6.2.5\spring-security-crypto-6.2.5.jar;C:\Users\user\.m2\repository\org\springframework\security\spring-security-web\6.2.5\spring-security-web-6.2.5.jar;C:\Users\user\.m2\repository\io\jsonwebtoken\jjwt-api\0.11.5\jjwt-api-0.11.5.jar;C:\Users\user\.m2\repository\io\jsonwebtoken\jjwt-impl\0.11.5\jjwt-impl-0.11.5.jar;C:\Users\user\.m2\repository\io\jsonwebtoken\jjwt-jackson\0.11.5\jjwt-jackson-0.11.5.jar;C:\Users\user\.m2\repository\com\fasterxml\jackson\core\jackson-databind\2.15.4\jackson-databind-2.15.4.jar;C:\Users\user\.m2\repository\com\fasterxml\jackson\core\jackson-annotations\2.15.4\jackson-annotations-2.15.4.jar;C:\Users\user\.m2\repository\com\fasterxml\jackson\core\jackson-core\2.15.4\jackson-core-2.15.4.jar;C:\Users\user\.m2\repository\jakarta\servlet\jakarta.servlet-api\5.0.0\jakarta.servlet-api-5.0.0.jar;"/>
    <property name="sun.cpu.endian" value="little"/>
    <property name="user.home" value="C:\Users\user"/>
    <property name="user.language" value="en"/>
    <property name="java.specification.vendor" value="Oracle Corporation"/>
    <property name="java.version.date" value="2024-07-16"/>
    <property name="java.home" value="C:\dev\jdk-17"/>
    <property name="file.separator" value="\"/>
    <property name="basedir" value="C:\Users\user\Desktop\Tasks-management\backend"/>
    <property name="java.vm.compressedOopsMode" value="Zero based"/>
    <property name="line.separator" value="&#10;"/>
    <property name="java.vm.specification.vendor" value="Oracle Corporation"/>
    <property name="java.specification.name" value="Java Platform API Specification"/>
    <property name="FILE_LOG_CHARSET" value="windows-1252"/>
    <property name="java.awt.headless" value="true"/>
    <property name="surefire.real.class.path" value="C:\Users\user\AppData\Local\Temp\surefire14413913960185095887\surefirebooter-20250621200439220_3.jar"/>
    <property name="user.script" value=""/>
    <property name="sun.management.compiler" value="HotSpot 64-Bit Tiered Compilers"/>
    <property name="java.runtime.version" value="17.0.12+8-LTS-286"/>
    <property name="user.name" value="user"/>
    <property name="path.separator" value=";"/>
    <property name="os.version" value="10.0"/>
    <property name="java.runtime.name" value="Java(TM) SE Runtime Environment"/>
    <property name="file.encoding" value="Cp1252"/>
    <property name="java.vm.name" value="Java HotSpot(TM) 64-Bit Server VM"/>
    <property name="localRepository" value="C:\Users\user\.m2\repository"/>
    <property name="java.vendor.url.bug" value="https://bugreport.java.com/bugreport/"/>
    <property name="java.io.tmpdir" value="C:\Users\user\AppData\Local\Temp\"/>
    <property name="com.zaxxer.hikari.pool_number" value="1"/>
    <property name="java.version" value="17.0.12"/>
    <property name="user.dir" value="C:\Users\user\Desktop\Tasks-management\backend"/>
    <property name="os.arch" value="amd64"/>
    <property name="java.vm.specification.name" value="Java Virtual Machine Specification"/>
    <property name="PID" value="14768"/>
    <property name="sun.os.patch.level" value=""/>
    <property name="CONSOLE_LOG_CHARSET" value="windows-1252"/>
    <property name="native.encoding" value="Cp1252"/>
    <property name="java.library.path" value="C:\dev\jdk-17\bin;C:\WINDOWS\Sun\Java\bin;C:\WINDOWS\system32;C:\WINDOWS;C:\Users\user\Downloads\WINDOWS.X64_193000_db_home\bin;C:\dev\dbhomeXE\bin;C:\Python312\Scripts\;C:\Python312\;C:\Program Files\Common Files\Oracle\Java\javapath;C:\Program Files (x86)\Common Files\Intel\Shared Libraries\redist\intel64\compiler;C:\Windows\system32;C:\Windows;C:\Windows\System32\Wbem;C:\Windows\System32\WindowsPowerShell\v1.0\;C:\Windows\System32\OpenSSH\;C:\Program Files (x86)\NVIDIA Corporation\PhysX\Common;C:\WINDOWS\system32;C:\WINDOWS;C:\WINDOWS\System32\Wbem;C:\WINDOWS\System32\WindowsPowerShell\v1.0\;C:\WINDOWS\System32\OpenSSH\;C:\Program Files\dotnet\;C:\Program Files\nodejs\;C:\ProgramData\chocolatey\bin;C:\Program Files\Git\cmd;C:\dev\jdk-17\bin;C:\apache-maven-3.9.9\bin;C:\Users\user\Downloads\flutter_3.29.0\flutter\bin;C:\Users\user\AppData\Local\Android\Sdk;C:\Users\user\AppData\Local\Android\Sdk\platform-tools;C:\Users\user\AppData\Local\Android\Sdk\cmdline-tools\latest\bin;C:\Users\user\AppData\Local\Android\Sdk\tools;C:\Users\user\AppData\Local\Android\Sdk\tools\bin;C:\Program Files\Docker\Docker\resources\bin;C:\Users\user\AppData\Local\Microsoft\WindowsApps;C:\Users\user\Microsoft VS Code\bin;C:\dev\jdk-17\bin;C:\Users\user\AppData\Roaming\npm;C:\Program Files\nodejs\;C:\Users\user\AppData\Local\Android\Sdk;C:\Users\user\AppData\Local\Android\Sdk\platform-tools;C:\Users\user\AppData\Local\Programs\cursor\resources\app\bin;C:\Users\user\AppData\Local\Programs\Ollama;C:\msys64\ucrt64\bin;C:\mingw64\bin;;."/>
    <property name="java.vm.info" value="mixed mode, sharing"/>
    <property name="java.vendor" value="Oracle Corporation"/>
    <property name="java.vm.version" value="17.0.12+8-LTS-286"/>
    <property name="sun.io.unicode.encoding" value="UnicodeLittle"/>
    <property name="java.class.version" value="61.0"/>
    <property name="LOGGED_APPLICATION_NAME" value="[taskmangement] "/>
  </properties>
  <testcase name="contextLoads" classname="com.tasks.taskmangement.TaskmangementApplicationTests" time="1.593">
    <system-out><![CDATA[20:04:41.903 [main] INFO org.springframework.test.context.support.AnnotationConfigContextLoaderUtils -- Could not detect default configuration classes for test class [com.tasks.taskmangement.TaskmangementApplicationTests]: TaskmangementApplicationTests does not declare any static, non-private, non-final, nested classes annotated with @Configuration.
20:04:42.180 [main] INFO org.springframework.boot.test.context.SpringBootTestContextBootstrapper -- Found @SpringBootConfiguration com.tasks.taskmangement.TaskmangementApplication for test class com.tasks.taskmangement.TaskmangementApplicationTests
20:04:42.681 [main] INFO org.springframework.boot.devtools.restart.RestartApplicationListener -- Restart disabled due to context in which it is running

  .   ____          _            __ _ _
 /\\ / ___'_ __ _ _(_)_ __  __ _ \ \ \ \
( ( )\___ | '_ | '_| | '_ \/ _` | \ \ \ \
 \\/  ___)| |_)| | | | | || (_| |  ) ) ) )
  '  |____| .__|_| |_|_| |_\__, | / / / /
 =========|_|==============|___/=/_/_/_/
 :: Spring Boot ::                (v3.2.8)

2025-06-21T20:04:43.617+01:00  INFO 14768 --- [taskmangement] [           main] c.t.t.TaskmangementApplicationTests      : Starting TaskmangementApplicationTests using Java 17.0.12 with PID 14768 (started by user in C:\Users\user\Desktop\Tasks-management\backend)
2025-06-21T20:04:43.619+01:00  INFO 14768 --- [taskmangement] [           main] c.t.t.TaskmangementApplicationTests      : No active profile set, falling back to 1 default profile: "default"
2025-06-21T20:04:46.723+01:00  INFO 14768 --- [taskmangement] [           main] .s.d.r.c.RepositoryConfigurationDelegate : Bootstrapping Spring Data JPA repositories in DEFAULT mode.
2025-06-21T20:04:46.933+01:00  INFO 14768 --- [taskmangement] [           main] .s.d.r.c.RepositoryConfigurationDelegate : Finished Spring Data repository scanning in 157 ms. Found 2 JPA repository interfaces.
2025-06-21T20:04:48.911+01:00  INFO 14768 --- [taskmangement] [           main] o.hibernate.jpa.internal.util.LogHelper  : HHH000204: Processing PersistenceUnitInfo [name: default]
2025-06-21T20:04:49.161+01:00  INFO 14768 --- [taskmangement] [           main] org.hibernate.Version                    : HHH000412: Hibernate ORM core version 6.4.9.Final
2025-06-21T20:04:49.371+01:00  INFO 14768 --- [taskmangement] [           main] o.h.c.internal.RegionFactoryInitiator    : HHH000026: Second-level cache disabled
2025-06-21T20:04:50.333+01:00  INFO 14768 --- [taskmangement] [           main] o.s.o.j.p.SpringPersistenceUnitInfo      : No LoadTimeWeaver setup: ignoring JPA class transformer
2025-06-21T20:04:50.436+01:00  INFO 14768 --- [taskmangement] [           main] com.zaxxer.hikari.HikariDataSource       : HikariPool-1 - Starting...
2025-06-21T20:04:50.946+01:00  INFO 14768 --- [taskmangement] [           main] com.zaxxer.hikari.pool.HikariPool        : HikariPool-1 - Added connection com.mysql.cj.jdbc.ConnectionImpl@4db46344
2025-06-21T20:04:50.951+01:00  INFO 14768 --- [taskmangement] [           main] com.zaxxer.hikari.HikariDataSource       : HikariPool-1 - Start completed.
2025-06-21T20:04:51.111+01:00  WARN 14768 --- [taskmangement] [           main] org.hibernate.dialect.Dialect            : HHH000511: The 5.5.0 version for [org.hibernate.dialect.MySQLDialect] is no longer supported, hence certain features may not work properly. The minimum supported version is 8.0.0. Check the community dialects project for available legacy versions.
2025-06-21T20:04:53.695+01:00  INFO 14768 --- [taskmangement] [           main] o.h.e.t.j.p.i.JtaPlatformInitiator       : HHH000489: No JTA platform available (set 'hibernate.transaction.jta.platform' to enable JTA platform integration)
2025-06-21T20:04:53.870+01:00  INFO 14768 --- [taskmangement] [           main] j.LocalContainerEntityManagerFactoryBean : Initialized JPA EntityManagerFactory for persistence unit 'default'
2025-06-21T20:04:55.273+01:00  WARN 14768 --- [taskmangement] [           main] JpaBaseConfiguration$JpaWebConfiguration : spring.jpa.open-in-view is enabled by default. Therefore, database queries may be performed during view rendering. Explicitly configure spring.jpa.open-in-view to disable this warning
2025-06-21T20:04:56.989+01:00  INFO 14768 --- [taskmangement] [           main] o.s.b.a.e.web.EndpointLinksResolver      : Exposing 1 endpoint(s) beneath base path '/actuator'
2025-06-21T20:04:57.458+01:00  INFO 14768 --- [taskmangement] [           main] o.s.s.web.DefaultSecurityFilterChain     : Will secure any request with [org.springframework.security.web.session.DisableEncodeUrlFilter@46374b8, org.springframework.security.web.context.request.async.WebAsyncManagerIntegrationFilter@29ceefb3, org.springframework.security.web.context.SecurityContextHolderFilter@144fc5fa, org.springframework.security.web.header.HeaderWriterFilter@35ffe3ac, org.springframework.web.filter.CorsFilter@f14d079, org.springframework.security.web.authentication.logout.LogoutFilter@135f760a, com.tasks.taskmangement.security.JwtFilter@25093079, org.springframework.security.web.savedrequest.RequestCacheAwareFilter@43945480, org.springframework.security.web.servletapi.SecurityContextHolderAwareRequestFilter@41f3f64, org.springframework.security.web.authentication.AnonymousAuthenticationFilter@d0456ad, org.springframework.security.web.session.SessionManagementFilter@7b6e196e, org.springframework.security.web.access.ExceptionTranslationFilter@206a465f, org.springframework.security.web.access.intercept.AuthorizationFilter@7ec01440]
2025-06-21T20:04:59.263+01:00  INFO 14768 --- [taskmangement] [           main] c.t.t.TaskmangementApplicationTests      : Started TaskmangementApplicationTests in 16.616 seconds (process running for 19.522)
]]></system-out>
  </testcase>
</testsuite>